<?xml version="1.0" encoding="UTF-8"?>
<coverage generated="1778257907178" clover="3.2.0">
  <project timestamp="1778257907178" name="All files">
    <metrics statements="223" coveredstatements="195" conditionals="102" coveredconditionals="48" methods="33" coveredmethods="33" elements="358" coveredelements="276" complexity="0" loc="223" ncloc="223" packages="1" files="5" classes="5"/>
    <file name="localTx.ts" path="D:\Users\me\offline-first-app\utils\localTx.ts">
      <metrics statements="24" coveredstatements="20" conditionals="16" coveredconditionals="10" methods="11" coveredmethods="11"/>
      <line num="5" count="1" type="stmt"/>
      <line num="8" count="28" type="cond" truecount="2" falsecount="2"/>
      <line num="9" count="0" type="stmt"/>
      <line num="10" count="28" type="stmt"/>
      <line num="14" count="18" type="cond" truecount="2" falsecount="2"/>
      <line num="15" count="0" type="stmt"/>
      <line num="16" count="18" type="stmt"/>
      <line num="20" count="13" type="cond" truecount="2" falsecount="2"/>
      <line num="21" count="0" type="stmt"/>
      <line num="22" count="13" type="stmt"/>
      <line num="26" count="28" type="stmt"/>
      <line num="27" count="28" type="cond" truecount="2" falsecount="0"/>
      <line num="28" count="17" type="stmt"/>
      <line num="29" count="17" type="stmt"/>
      <line num="31" count="0" type="stmt"/>
      <line num="36" count="18" type="stmt"/>
      <line num="40" count="13" type="stmt"/>
      <line num="41" count="13" type="stmt"/>
      <line num="45" count="3" type="stmt"/>
      <line num="46" count="3" type="stmt"/>
      <line num="47" count="4" type="cond" truecount="2" falsecount="0"/>
      <line num="52" count="2" type="stmt"/>
      <line num="53" count="3" type="stmt"/>
      <line num="57" count="13" type="stmt"/>
    </file>
    <file name="platform.ts" path="D:\Users\me\offline-first-app\utils\platform.ts">
      <metrics statements="5" coveredstatements="5" conditionals="2" coveredconditionals="1" methods="0" coveredmethods="0"/>
      <line num="3" count="5" type="stmt"/>
      <line num="4" count="5" type="stmt"/>
      <line num="5" count="5" type="stmt"/>
      <line num="6" count="5" type="stmt"/>
      <line num="9" count="5" type="cond" truecount="1" falsecount="1"/>
    </file>
    <file name="registerSmartContract.ts" path="D:\Users\me\offline-first-app\utils\registerSmartContract.ts">
      <metrics statements="120" coveredstatements="111" conditionals="52" coveredconditionals="26" methods="12" coveredmethods="12"/>
      <line num="8" count="2" type="stmt"/>
      <line num="10" count="2" type="stmt"/>
      <line num="12" count="2" type="stmt"/>
      <line num="13" count="2" type="stmt"/>
      <line num="16" count="2" type="stmt"/>
      <line num="17" count="2" type="stmt"/>
      <line num="27" count="2" type="stmt"/>
      <line num="28" count="11" type="stmt"/>
      <line num="29" count="11" type="stmt"/>
      <line num="32" count="2" type="stmt"/>
      <line num="34" count="3" type="stmt"/>
      <line num="35" count="3" type="cond" truecount="1" falsecount="1"/>
      <line num="37" count="3" type="stmt"/>
      <line num="38" count="3" type="stmt"/>
      <line num="46" count="3" type="stmt"/>
      <line num="48" count="3" type="stmt"/>
      <line num="49" count="3" type="stmt"/>
      <line num="50" count="1" type="stmt"/>
      <line num="52" count="1" type="stmt"/>
      <line num="53" count="1" type="stmt"/>
      <line num="54" count="1" type="stmt"/>
      <line num="56" count="1" type="stmt"/>
      <line num="59" count="2" type="cond" truecount="2" falsecount="0"/>
      <line num="63" count="1" type="stmt"/>
      <line num="66" count="1" type="stmt"/>
      <line num="68" count="1" type="stmt"/>
      <line num="69" count="1" type="stmt"/>
      <line num="70" count="1" type="stmt"/>
      <line num="72" count="1" type="stmt"/>
      <line num="74" count="1" type="stmt"/>
      <line num="77" count="2" type="stmt"/>
      <line num="86" count="6" type="cond" truecount="1" falsecount="1"/>
      <line num="87" count="6" type="cond" truecount="2" falsecount="0"/>
      <line num="88" count="2" type="stmt"/>
      <line num="90" count="6" type="cond" truecount="1" falsecount="1"/>
      <line num="91" count="6" type="stmt"/>
      <line num="93" count="0" type="cond" truecount="0" falsecount="4"/>
      <line num="94" count="0" type="cond" truecount="0" falsecount="2"/>
      <line num="95" count="0" type="stmt"/>
      <line num="97" count="0" type="cond" truecount="0" falsecount="2"/>
      <line num="98" count="0" type="stmt"/>
      <line num="104" count="1" type="stmt"/>
      <line num="105" count="1" type="cond" truecount="1" falsecount="1"/>
      <line num="107" count="1" type="stmt"/>
      <line num="113" count="1" type="stmt"/>
      <line num="117" count="1" type="stmt"/>
      <line num="125" count="2" type="stmt"/>
      <line num="126" count="2" type="cond" truecount="1" falsecount="1"/>
      <line num="128" count="2" type="stmt"/>
      <line num="129" count="2" type="stmt"/>
      <line num="135" count="2" type="stmt"/>
      <line num="136" count="2" type="stmt"/>
      <line num="140" count="1" type="stmt"/>
      <line num="141" count="1" type="stmt"/>
      <line num="144" count="1" type="stmt"/>
      <line num="148" count="1" type="stmt"/>
      <line num="150" count="1" type="stmt"/>
      <line num="157" count="1" type="stmt"/>
      <line num="158" count="1" type="stmt"/>
      <line num="162" count="3" type="stmt"/>
      <line num="163" count="3" type="cond" truecount="1" falsecount="1"/>
      <line num="165" count="3" type="stmt"/>
      <line num="166" count="3" type="stmt"/>
      <line num="172" count="3" type="stmt"/>
      <line num="173" count="3" type="stmt"/>
      <line num="174" count="3" type="stmt"/>
      <line num="176" count="3" type="cond" truecount="2" falsecount="0"/>
      <line num="177" count="1" type="stmt"/>
      <line num="182" count="2" type="stmt"/>
      <line num="183" count="2" type="stmt"/>
      <line num="184" count="2" type="stmt"/>
      <line num="186" count="2" type="stmt"/>
      <line num="190" count="2" type="stmt"/>
      <line num="192" count="2" type="stmt"/>
      <line num="199" count="1" type="stmt"/>
      <line num="200" count="1" type="stmt"/>
      <line num="205" count="2" type="stmt"/>
      <line num="206" count="2" type="cond" truecount="1" falsecount="1"/>
      <line num="208" count="2" type="stmt"/>
      <line num="214" count="2" type="stmt"/>
      <line num="215" count="2" type="stmt"/>
      <line num="217" count="2" type="cond" truecount="2" falsecount="0"/>
      <line num="218" count="1" type="stmt"/>
      <line num="222" count="1" type="stmt"/>
      <line num="224" count="1" type="stmt"/>
      <line num="226" count="1" type="stmt"/>
      <line num="227" count="1" type="stmt"/>
      <line num="231" count="2" type="stmt"/>
      <line num="233" count="2" type="cond" truecount="1" falsecount="1"/>
      <line num="234" count="2" type="stmt"/>
      <line num="235" count="0" type="cond" truecount="0" falsecount="4"/>
      <line num="236" count="0" type="stmt"/>
      <line num="239" count="2" type="cond" truecount="2" falsecount="0"/>
      <line num="242" count="2" type="stmt"/>
      <line num="244" count="2" type="cond" truecount="1" falsecount="1"/>
      <line num="245" count="2" type="stmt"/>
      <line num="246" count="0" type="cond" truecount="0" falsecount="4"/>
      <line num="247" count="0" type="stmt"/>
      <line num="250" count="2" type="cond" truecount="2" falsecount="0"/>
      <line num="254" count="2" type="stmt"/>
      <line num="256" count="3" type="stmt"/>
      <line num="257" count="3" type="cond" truecount="1" falsecount="1"/>
      <line num="259" count="3" type="stmt"/>
      <line num="262" count="3" type="stmt"/>
      <line num="263" count="3" type="stmt"/>
      <line num="270" count="3" type="stmt"/>
      <line num="275" count="3" type="cond" truecount="2" falsecount="0"/>
      <line num="276" count="1" type="stmt"/>
      <line num="279" count="2" type="stmt"/>
      <line num="289" count="2" type="stmt"/>
      <line num="290" count="2" type="stmt"/>
      <line num="293" count="2" type="stmt"/>
      <line num="297" count="2" type="stmt"/>
      <line num="307" count="2" type="stmt"/>
      <line num="310" count="2" type="stmt"/>
      <line num="315" count="2" type="stmt"/>
      <line num="319" count="1" type="stmt"/>
      <line num="322" count="1" type="stmt"/>
      <line num="328" count="1" type="stmt"/>
      <line num="329" count="1" type="stmt"/>
    </file>
    <file name="signPayload.ts" path="D:\Users\me\offline-first-app\utils\signPayload.ts">
      <metrics statements="7" coveredstatements="7" conditionals="0" coveredconditionals="0" methods="2" coveredmethods="2"/>
      <line num="11" count="12" type="stmt"/>
      <line num="26" count="12" type="stmt"/>
      <line num="28" count="12" type="stmt"/>
      <line num="30" count="12" type="stmt"/>
      <line num="34" count="12" type="stmt"/>
      <line num="35" count="12" type="stmt"/>
      <line num="37" count="12" type="stmt"/>
    </file>
    <file name="wallet.tsx" path="D:\Users\me\offline-first-app\utils\wallet.tsx">
      <metrics statements="67" coveredstatements="52" conditionals="32" coveredconditionals="11" methods="8" coveredmethods="8"/>
      <line num="9" count="2" type="stmt"/>
      <line num="10" count="2" type="stmt"/>
      <line num="13" count="2" type="stmt"/>
      <line num="15" count="2" type="stmt"/>
      <line num="17" count="2" type="stmt"/>
      <line num="20" count="2" type="cond" truecount="1" falsecount="1"/>
      <line num="21" count="2" type="stmt"/>
      <line num="22" count="2" type="stmt"/>
      <line num="23" count="64" type="stmt"/>
      <line num="26" count="2" type="stmt"/>
      <line num="28" count="0" type="stmt"/>
      <line num="31" count="2" type="cond" truecount="1" falsecount="1"/>
      <line num="32" count="2" type="stmt"/>
      <line num="40" count="2" type="stmt"/>
      <line num="41" count="0" type="cond" truecount="0" falsecount="4"/>
      <line num="42" count="0" type="stmt"/>
      <line num="43" count="0" type="stmt"/>
      <line num="46" count="2" type="stmt"/>
      <line num="51" count="0" type="stmt"/>
      <line num="52" count="0" type="stmt"/>
      <line num="57" count="2" type="cond" truecount="1" falsecount="1"/>
      <line num="58" count="2" type="stmt"/>
      <line num="59" count="0" type="cond" truecount="0" falsecount="4"/>
      <line num="60" count="0" type="stmt"/>
      <line num="62" count="0" type="stmt"/>
      <line num="66" count="7" type="cond" truecount="1" falsecount="1"/>
      <line num="67" count="7" type="stmt"/>
      <line num="70" count="0" type="cond" truecount="0" falsecount="4"/>
      <line num="71" count="0" type="stmt"/>
      <line num="73" count="0" type="stmt"/>
      <line num="77" count="1" type="cond" truecount="1" falsecount="1"/>
      <line num="78" count="1" type="stmt"/>
      <line num="79" count="1" type="stmt"/>
      <line num="80" count="0" type="cond" truecount="0" falsecount="4"/>
      <line num="81" count="0" type="stmt"/>
      <line num="82" count="0" type="stmt"/>
      <line num="87" count="3" type="stmt"/>
      <line num="88" count="3" type="stmt"/>
      <line num="89" count="3" type="cond" truecount="2" falsecount="0"/>
      <line num="90" count="1" type="stmt"/>
      <line num="92" count="2" type="stmt"/>
      <line num="94" count="2" type="stmt"/>
      <line num="95" count="2" type="stmt"/>
      <line num="100" count="1" type="stmt"/>
      <line num="104" count="1" type="stmt"/>
      <line num="106" count="2" type="stmt"/>
      <line num="107" count="2" type="stmt"/>
      <line num="112" count="2" type="stmt"/>
      <line num="113" count="2" type="cond" truecount="2" falsecount="0"/>
      <line num="114" count="1" type="stmt"/>
      <line num="116" count="1" type="stmt"/>
      <line num="120" count="2" type="stmt"/>
      <line num="121" count="3" type="stmt"/>
      <line num="122" count="3" type="stmt"/>
      <line num="124" count="3" type="stmt"/>
      <line num="126" count="3" type="stmt"/>
      <line num="127" count="3" type="stmt"/>
      <line num="128" count="2" type="stmt"/>
      <line num="131" count="2" type="cond" truecount="2" falsecount="0"/>
      <line num="132" count="1" type="stmt"/>
      <line num="133" count="1" type="stmt"/>
      <line num="135" count="1" type="stmt"/>
      <line num="137" count="1" type="stmt"/>
      <line num="139" count="1" type="stmt"/>
      <line num="140" count="1" type="stmt"/>
      <line num="143" count="1" type="stmt"/>
      <line num="144" count="1" type="stmt"/>
    </file>
  </project>
</coverage>
