{"D:\\Users\\me\\offline-first-app\\utils\\localTx.ts": {"path":"D:\\Users\\me\\offline-first-app\\utils\\localTx.ts","statementMap":{"0":{"start":{"line":5,"column":16},"end":{"line":5,"column":32}},"1":{"start":{"line":8,"column":2},"end":{"line":9,"column":44}},"2":{"start":{"line":9,"column":4},"end":{"line":9,"column":44}},"3":{"start":{"line":10,"column":2},"end":{"line":10,"column":41}},"4":{"start":{"line":14,"column":2},"end":{"line":16,"column":46}},"5":{"start":{"line":15,"column":4},"end":{"line":15,"column":44}},"6":{"start":{"line":16,"column":7},"end":{"line":16,"column":46}},"7":{"start":{"line":20,"column":2},"end":{"line":22,"column":42}},"8":{"start":{"line":21,"column":4},"end":{"line":21,"column":40}},"9":{"start":{"line":22,"column":7},"end":{"line":22,"column":42}},"10":{"start":{"line":26,"column":15},"end":{"line":26,"column":37}},"11":{"start":{"line":27,"column":2},"end":{"line":27,"column":23}},"12":{"start":{"line":27,"column":13},"end":{"line":27,"column":23}},"13":{"start":{"line":28,"column":2},"end":{"line":32,"column":3}},"14":{"start":{"line":29,"column":4},"end":{"line":29,"column":28}},"15":{"start":{"line":31,"column":4},"end":{"line":31,"column":14}},"16":{"start":{"line":36,"column":2},"end":{"line":36,"column":47}},"17":{"start":{"line":40,"column":22},"end":{"line":40,"column":45}},"18":{"start":{"line":41,"column":2},"end":{"line":41,"column":42}},"19":{"start":{"line":45,"column":22},"end":{"line":45,"column":45}},"20":{"start":{"line":46,"column":2},"end":{"line":48,"column":4}},"21":{"start":{"line":47,"column":29},"end":{"line":47,"column":70}},"22":{"start":{"line":52,"column":22},"end":{"line":52,"column":45}},"23":{"start":{"line":53,"column":2},"end":{"line":53,"column":66}},"24":{"start":{"line":53,"column":47},"end":{"line":53,"column":63}},"25":{"start":{"line":57,"column":2},"end":{"line":57,"column":28}}},"fnMap":{"0":{"name":"getItem","decl":{"start":{"line":7,"column":15},"end":{"line":7,"column":22}},"loc":{"start":{"line":7,"column":60},"end":{"line":11,"column":1}},"line":7},"1":{"name":"setItem","decl":{"start":{"line":13,"column":15},"end":{"line":13,"column":22}},"loc":{"start":{"line":13,"column":51},"end":{"line":17,"column":1}},"line":13},"2":{"name":"deleteItem","decl":{"start":{"line":19,"column":15},"end":{"line":19,"column":25}},"loc":{"start":{"line":19,"column":39},"end":{"line":23,"column":1}},"line":19},"3":{"name":"getSignedTxList","decl":{"start":{"line":25,"column":22},"end":{"line":25,"column":37}},"loc":{"start":{"line":25,"column":66},"end":{"line":33,"column":1}},"line":25},"4":{"name":"persistList","decl":{"start":{"line":35,"column":15},"end":{"line":35,"column":26}},"loc":{"start":{"line":35,"column":50},"end":{"line":37,"column":1}},"line":35},"5":{"name":"saveSignedTx","decl":{"start":{"line":39,"column":22},"end":{"line":39,"column":34}},"loc":{"start":{"line":39,"column":54},"end":{"line":42,"column":1}},"line":39},"6":{"name":"updateTxStatus","decl":{"start":{"line":44,"column":22},"end":{"line":44,"column":36}},"loc":{"start":{"line":44,"column":67},"end":{"line":49,"column":1}},"line":44},"7":{"name":"(anonymous_7)","decl":{"start":{"line":47,"column":20},"end":{"line":47,"column":21}},"loc":{"start":{"line":47,"column":29},"end":{"line":47,"column":70}},"line":47},"8":{"name":"deleteSignedTx","decl":{"start":{"line":51,"column":22},"end":{"line":51,"column":36}},"loc":{"start":{"line":51,"column":51},"end":{"line":54,"column":1}},"line":51},"9":{"name":"(anonymous_9)","decl":{"start":{"line":53,"column":39},"end":{"line":53,"column":40}},"loc":{"start":{"line":53,"column":47},"end":{"line":53,"column":63}},"line":53},"10":{"name":"clearAllSignedTx","decl":{"start":{"line":56,"column":22},"end":{"line":56,"column":38}},"loc":{"start":{"line":56,"column":41},"end":{"line":58,"column":1}},"line":56}},"branchMap":{"0":{"loc":{"start":{"line":8,"column":2},"end":{"line":9,"column":44}},"type":"if","locations":[{"start":{"line":8,"column":2},"end":{"line":9,"column":44}},{"start":{},"end":{}}],"line":8},"1":{"loc":{"start":{"line":8,"column":6},"end":{"line":8,"column":44}},"type":"binary-expr","locations":[{"start":{"line":8,"column":6},"end":{"line":8,"column":11}},{"start":{"line":8,"column":15},"end":{"line":8,"column":44}}],"line":8},"2":{"loc":{"start":{"line":14,"column":2},"end":{"line":16,"column":46}},"type":"if","locations":[{"start":{"line":14,"column":2},"end":{"line":16,"column":46}},{"start":{"line":16,"column":7},"end":{"line":16,"column":46}}],"line":14},"3":{"loc":{"start":{"line":14,"column":6},"end":{"line":14,"column":44}},"type":"binary-expr","locations":[{"start":{"line":14,"column":6},"end":{"line":14,"column":11}},{"start":{"line":14,"column":15},"end":{"line":14,"column":44}}],"line":14},"4":{"loc":{"start":{"line":20,"column":2},"end":{"line":22,"column":42}},"type":"if","locations":[{"start":{"line":20,"column":2},"end":{"line":22,"column":42}},{"start":{"line":22,"column":7},"end":{"line":22,"column":42}}],"line":20},"5":{"loc":{"start":{"line":20,"column":6},"end":{"line":20,"column":44}},"type":"binary-expr","locations":[{"start":{"line":20,"column":6},"end":{"line":20,"column":11}},{"start":{"line":20,"column":15},"end":{"line":20,"column":44}}],"line":20},"6":{"loc":{"start":{"line":27,"column":2},"end":{"line":27,"column":23}},"type":"if","locations":[{"start":{"line":27,"column":2},"end":{"line":27,"column":23}},{"start":{},"end":{}}],"line":27},"7":{"loc":{"start":{"line":47,"column":29},"end":{"line":47,"column":70}},"type":"cond-expr","locations":[{"start":{"line":47,"column":48},"end":{"line":47,"column":65}},{"start":{"line":47,"column":68},"end":{"line":47,"column":70}}],"line":47}},"s":{"0":1,"1":28,"2":0,"3":28,"4":18,"5":0,"6":18,"7":13,"8":0,"9":13,"10":28,"11":28,"12":11,"13":17,"14":17,"15":0,"16":18,"17":13,"18":13,"19":3,"20":3,"21":4,"22":2,"23":2,"24":3,"25":13},"f":{"0":28,"1":18,"2":13,"3":28,"4":18,"5":13,"6":3,"7":4,"8":2,"9":3,"10":13},"b":{"0":[0,28],"1":[28,0],"2":[0,18],"3":[18,0],"4":[0,13],"5":[13,0],"6":[11,17],"7":[2,2]},"_coverageSchema":"1a1c01bbd47fc00a2c39e90264f33305004495a9","hash":"b11b6b8f973292f0a5d1a80c627211b992041b6d"}
,"D:\\Users\\me\\offline-first-app\\utils\\platform.ts": {"path":"D:\\Users\\me\\offline-first-app\\utils\\platform.ts","statementMap":{"0":{"start":{"line":3,"column":21},"end":{"line":3,"column":42}},"1":{"start":{"line":4,"column":25},"end":{"line":4,"column":50}},"2":{"start":{"line":5,"column":21},"end":{"line":5,"column":42}},"3":{"start":{"line":6,"column":25},"end":{"line":6,"column":50}},"4":{"start":{"line":9,"column":35},"end":{"line":9,"column":53}}},"fnMap":{},"branchMap":{"0":{"loc":{"start":{"line":9,"column":35},"end":{"line":9,"column":53}},"type":"binary-expr","locations":[{"start":{"line":9,"column":35},"end":{"line":9,"column":40}},{"start":{"line":9,"column":44},"end":{"line":9,"column":53}}],"line":9}},"s":{"0":5,"1":5,"2":5,"3":5,"4":5},"f":{},"b":{"0":[5,0]},"_coverageSchema":"1a1c01bbd47fc00a2c39e90264f33305004495a9","hash":"028543510beffbda9ec3f8a11fab32600718aca1"}
,"D:\\Users\\me\\offline-first-app\\utils\\registerSmartContract.ts": {"path":"D:\\Users\\me\\offline-first-app\\utils\\registerSmartContract.ts","statementMap":{"0":{"start":{"line":8,"column":2},"end":{"line":8,"column":62}},"1":{"start":{"line":10,"column":33},"end":{"line":10,"column":69}},"2":{"start":{"line":12,"column":14},"end":{"line":12,"column":26}},"3":{"start":{"line":13,"column":23},"end":{"line":13,"column":44}},"4":{"start":{"line":16,"column":25},"end":{"line":16,"column":69}},"5":{"start":{"line":17,"column":21},"end":{"line":25,"column":1}},"6":{"start":{"line":27,"column":27},"end":{"line":30,"column":1}},"7":{"start":{"line":28,"column":19},"end":{"line":28,"column":62}},"8":{"start":{"line":29,"column":2},"end":{"line":29,"column":18}},"9":{"start":{"line":32,"column":37},"end":{"line":252,"column":1}},"10":{"start":{"line":34,"column":19},"end":{"line":34,"column":55}},"11":{"start":{"line":35,"column":4},"end":{"line":35,"column":52}},"12":{"start":{"line":35,"column":17},"end":{"line":35,"column":52}},"13":{"start":{"line":37,"column":19},"end":{"line":37,"column":48}},"14":{"start":{"line":38,"column":21},"end":{"line":42,"column":5}},"15":{"start":{"line":46,"column":4},"end":{"line":76,"column":5}},"16":{"start":{"line":48,"column":24},"end":{"line":48,"column":51}},"17":{"start":{"line":49,"column":17},"end":{"line":49,"column":71}},"18":{"start":{"line":50,"column":6},"end":{"line":50,"column":22}},"19":{"start":{"line":52,"column":6},"end":{"line":52,"column":18}},"20":{"start":{"line":53,"column":6},"end":{"line":53,"column":20}},"21":{"start":{"line":54,"column":6},"end":{"line":54,"column":17}},"22":{"start":{"line":56,"column":6},"end":{"line":56,"column":42}},"23":{"start":{"line":59,"column":6},"end":{"line":75,"column":7}},"24":{"start":{"line":63,"column":8},"end":{"line":63,"column":73}},"25":{"start":{"line":66,"column":10},"end":{"line":66,"column":54}},"26":{"start":{"line":68,"column":8},"end":{"line":68,"column":31}},"27":{"start":{"line":69,"column":8},"end":{"line":69,"column":35}},"28":{"start":{"line":70,"column":8},"end":{"line":70,"column":29}},"29":{"start":{"line":72,"column":8},"end":{"line":72,"column":63}},"30":{"start":{"line":74,"column":8},"end":{"line":74,"column":20}},"31":{"start":{"line":77,"column":4},"end":{"line":82,"column":6}},"32":{"start":{"line":86,"column":4},"end":{"line":100,"column":5}},"33":{"start":{"line":87,"column":6},"end":{"line":89,"column":7}},"34":{"start":{"line":88,"column":8},"end":{"line":88,"column":53}},"35":{"start":{"line":90,"column":6},"end":{"line":92,"column":7}},"36":{"start":{"line":91,"column":8},"end":{"line":91,"column":70}},"37":{"start":{"line":93,"column":11},"end":{"line":100,"column":5}},"38":{"start":{"line":94,"column":6},"end":{"line":96,"column":7}},"39":{"start":{"line":95,"column":8},"end":{"line":95,"column":50}},"40":{"start":{"line":97,"column":6},"end":{"line":99,"column":7}},"41":{"start":{"line":98,"column":8},"end":{"line":98,"column":67}},"42":{"start":{"line":104,"column":19},"end":{"line":104,"column":55}},"43":{"start":{"line":105,"column":4},"end":{"line":105,"column":52}},"44":{"start":{"line":105,"column":17},"end":{"line":105,"column":52}},"45":{"start":{"line":107,"column":21},"end":{"line":111,"column":5}},"46":{"start":{"line":113,"column":38},"end":{"line":115,"column":5}},"47":{"start":{"line":117,"column":4},"end":{"line":121,"column":6}},"48":{"start":{"line":125,"column":19},"end":{"line":125,"column":55}},"49":{"start":{"line":126,"column":4},"end":{"line":126,"column":52}},"50":{"start":{"line":126,"column":17},"end":{"line":126,"column":52}},"51":{"start":{"line":128,"column":19},"end":{"line":128,"column":48}},"52":{"start":{"line":129,"column":21},"end":{"line":133,"column":5}},"53":{"start":{"line":135,"column":4},"end":{"line":159,"column":5}},"54":{"start":{"line":136,"column":17},"end":{"line":138,"column":8}},"55":{"start":{"line":140,"column":6},"end":{"line":140,"column":49}},"56":{"start":{"line":141,"column":6},"end":{"line":141,"column":22}},"57":{"start":{"line":144,"column":40},"end":{"line":146,"column":7}},"58":{"start":{"line":148,"column":6},"end":{"line":148,"column":61}},"59":{"start":{"line":150,"column":6},"end":{"line":155,"column":8}},"60":{"start":{"line":157,"column":6},"end":{"line":157,"column":46}},"61":{"start":{"line":158,"column":6},"end":{"line":158,"column":18}},"62":{"start":{"line":162,"column":19},"end":{"line":162,"column":55}},"63":{"start":{"line":163,"column":4},"end":{"line":163,"column":52}},"64":{"start":{"line":163,"column":17},"end":{"line":163,"column":52}},"65":{"start":{"line":165,"column":19},"end":{"line":165,"column":48}},"66":{"start":{"line":166,"column":21},"end":{"line":170,"column":5}},"67":{"start":{"line":172,"column":4},"end":{"line":201,"column":5}},"68":{"start":{"line":173,"column":27},"end":{"line":173,"column":71}},"69":{"start":{"line":174,"column":26},"end":{"line":174,"column":56}},"70":{"start":{"line":176,"column":6},"end":{"line":180,"column":7}},"71":{"start":{"line":177,"column":8},"end":{"line":179,"column":10}},"72":{"start":{"line":182,"column":17},"end":{"line":182,"column":61}},"73":{"start":{"line":183,"column":6},"end":{"line":183,"column":50}},"74":{"start":{"line":184,"column":6},"end":{"line":184,"column":22}},"75":{"start":{"line":186,"column":43},"end":{"line":188,"column":7}},"76":{"start":{"line":190,"column":6},"end":{"line":190,"column":61}},"77":{"start":{"line":192,"column":6},"end":{"line":197,"column":8}},"78":{"start":{"line":199,"column":6},"end":{"line":199,"column":47}},"79":{"start":{"line":200,"column":6},"end":{"line":200,"column":18}},"80":{"start":{"line":205,"column":19},"end":{"line":205,"column":55}},"81":{"start":{"line":206,"column":4},"end":{"line":206,"column":52}},"82":{"start":{"line":206,"column":17},"end":{"line":206,"column":52}},"83":{"start":{"line":208,"column":21},"end":{"line":212,"column":5}},"84":{"start":{"line":214,"column":4},"end":{"line":228,"column":5}},"85":{"start":{"line":215,"column":27},"end":{"line":215,"column":71}},"86":{"start":{"line":217,"column":6},"end":{"line":219,"column":7}},"87":{"start":{"line":218,"column":8},"end":{"line":218,"column":60}},"88":{"start":{"line":222,"column":29},"end":{"line":222,"column":57}},"89":{"start":{"line":224,"column":6},"end":{"line":224,"column":49}},"90":{"start":{"line":226,"column":6},"end":{"line":226,"column":51}},"91":{"start":{"line":227,"column":6},"end":{"line":227,"column":18}},"92":{"start":{"line":231,"column":31},"end":{"line":231,"column":35}},"93":{"start":{"line":233,"column":4},"end":{"line":237,"column":5}},"94":{"start":{"line":234,"column":6},"end":{"line":234,"column":52}},"95":{"start":{"line":235,"column":11},"end":{"line":237,"column":5}},"96":{"start":{"line":236,"column":6},"end":{"line":236,"column":49}},"97":{"start":{"line":239,"column":4},"end":{"line":239,"column":40}},"98":{"start":{"line":242,"column":32},"end":{"line":242,"column":36}},"99":{"start":{"line":244,"column":4},"end":{"line":248,"column":5}},"100":{"start":{"line":245,"column":6},"end":{"line":245,"column":62}},"101":{"start":{"line":246,"column":11},"end":{"line":248,"column":5}},"102":{"start":{"line":247,"column":6},"end":{"line":247,"column":59}},"103":{"start":{"line":250,"column":4},"end":{"line":250,"column":42}},"104":{"start":{"line":254,"column":39},"end":{"line":335,"column":1}},"105":{"start":{"line":256,"column":19},"end":{"line":256,"column":55}},"106":{"start":{"line":257,"column":4},"end":{"line":257,"column":52}},"107":{"start":{"line":257,"column":17},"end":{"line":257,"column":52}},"108":{"start":{"line":259,"column":21},"end":{"line":261,"column":5}},"109":{"start":{"line":262,"column":19},"end":{"line":262,"column":43}},"110":{"start":{"line":263,"column":21},"end":{"line":267,"column":5}},"111":{"start":{"line":270,"column":20},"end":{"line":274,"column":5}},"112":{"start":{"line":275,"column":4},"end":{"line":277,"column":5}},"113":{"start":{"line":276,"column":6},"end":{"line":276,"column":53}},"114":{"start":{"line":279,"column":15},"end":{"line":287,"column":5}},"115":{"start":{"line":289,"column":4},"end":{"line":289,"column":50}},"116":{"start":{"line":290,"column":4},"end":{"line":290,"column":20}},"117":{"start":{"line":293,"column":38},"end":{"line":295,"column":5}},"118":{"start":{"line":297,"column":4},"end":{"line":303,"column":6}},"119":{"start":{"line":307,"column":21},"end":{"line":309,"column":5}},"120":{"start":{"line":310,"column":21},"end":{"line":314,"column":5}},"121":{"start":{"line":315,"column":4},"end":{"line":315,"column":52}},"122":{"start":{"line":319,"column":21},"end":{"line":321,"column":5}},"123":{"start":{"line":322,"column":21},"end":{"line":326,"column":5}},"124":{"start":{"line":328,"column":6},"end":{"line":328,"column":43}},"125":{"start":{"line":329,"column":4},"end":{"line":333,"column":6}}},"fnMap":{"0":{"name":"(anonymous_0)","decl":{"start":{"line":27,"column":27},"end":{"line":27,"column":28}},"loc":{"start":{"line":27,"column":33},"end":{"line":30,"column":1}},"line":27},"1":{"name":"(anonymous_1)","decl":{"start":{"line":33,"column":2},"end":{"line":33,"column":3}},"loc":{"start":{"line":33,"column":19},"end":{"line":83,"column":3}},"line":33},"2":{"name":"(anonymous_2)","decl":{"start":{"line":85,"column":2},"end":{"line":85,"column":3}},"loc":{"start":{"line":85,"column":62},"end":{"line":101,"column":3}},"line":85},"3":{"name":"(anonymous_3)","decl":{"start":{"line":103,"column":2},"end":{"line":103,"column":3}},"loc":{"start":{"line":103,"column":22},"end":{"line":122,"column":3}},"line":103},"4":{"name":"(anonymous_4)","decl":{"start":{"line":124,"column":2},"end":{"line":124,"column":3}},"loc":{"start":{"line":124,"column":37},"end":{"line":160,"column":3}},"line":124},"5":{"name":"(anonymous_5)","decl":{"start":{"line":161,"column":2},"end":{"line":161,"column":3}},"loc":{"start":{"line":161,"column":38},"end":{"line":202,"column":3}},"line":161},"6":{"name":"(anonymous_6)","decl":{"start":{"line":204,"column":2},"end":{"line":204,"column":3}},"loc":{"start":{"line":204,"column":22},"end":{"line":229,"column":3}},"line":204},"7":{"name":"(anonymous_7)","decl":{"start":{"line":230,"column":2},"end":{"line":230,"column":3}},"loc":{"start":{"line":230,"column":48},"end":{"line":240,"column":3}},"line":230},"8":{"name":"(anonymous_8)","decl":{"start":{"line":241,"column":2},"end":{"line":241,"column":3}},"loc":{"start":{"line":241,"column":51},"end":{"line":251,"column":3}},"line":241},"9":{"name":"(anonymous_9)","decl":{"start":{"line":255,"column":2},"end":{"line":255,"column":3}},"loc":{"start":{"line":255,"column":39},"end":{"line":304,"column":3}},"line":255},"10":{"name":"(anonymous_10)","decl":{"start":{"line":306,"column":2},"end":{"line":306,"column":3}},"loc":{"start":{"line":306,"column":76},"end":{"line":316,"column":3}},"line":306},"11":{"name":"(anonymous_11)","decl":{"start":{"line":318,"column":2},"end":{"line":318,"column":3}},"loc":{"start":{"line":318,"column":39},"end":{"line":334,"column":3}},"line":318}},"branchMap":{"0":{"loc":{"start":{"line":35,"column":4},"end":{"line":35,"column":52}},"type":"if","locations":[{"start":{"line":35,"column":4},"end":{"line":35,"column":52}},{"start":{},"end":{}}],"line":35},"1":{"loc":{"start":{"line":59,"column":6},"end":{"line":75,"column":7}},"type":"if","locations":[{"start":{"line":59,"column":6},"end":{"line":75,"column":7}},{"start":{"line":73,"column":13},"end":{"line":75,"column":7}}],"line":59},"2":{"loc":{"start":{"line":60,"column":8},"end":{"line":61,"column":52}},"type":"binary-expr","locations":[{"start":{"line":60,"column":8},"end":{"line":60,"column":30}},{"start":{"line":61,"column":8},"end":{"line":61,"column":52}}],"line":60},"3":{"loc":{"start":{"line":86,"column":4},"end":{"line":100,"column":5}},"type":"if","locations":[{"start":{"line":86,"column":4},"end":{"line":100,"column":5}},{"start":{"line":93,"column":11},"end":{"line":100,"column":5}}],"line":86},"4":{"loc":{"start":{"line":87,"column":6},"end":{"line":89,"column":7}},"type":"if","locations":[{"start":{"line":87,"column":6},"end":{"line":89,"column":7}},{"start":{},"end":{}}],"line":87},"5":{"loc":{"start":{"line":90,"column":6},"end":{"line":92,"column":7}},"type":"if","locations":[{"start":{"line":90,"column":6},"end":{"line":92,"column":7}},{"start":{},"end":{}}],"line":90},"6":{"loc":{"start":{"line":93,"column":11},"end":{"line":100,"column":5}},"type":"if","locations":[{"start":{"line":93,"column":11},"end":{"line":100,"column":5}},{"start":{},"end":{}}],"line":93},"7":{"loc":{"start":{"line":93,"column":15},"end":{"line":93,"column":53}},"type":"binary-expr","locations":[{"start":{"line":93,"column":15},"end":{"line":93,"column":20}},{"start":{"line":93,"column":24},"end":{"line":93,"column":53}}],"line":93},"8":{"loc":{"start":{"line":94,"column":6},"end":{"line":96,"column":7}},"type":"if","locations":[{"start":{"line":94,"column":6},"end":{"line":96,"column":7}},{"start":{},"end":{}}],"line":94},"9":{"loc":{"start":{"line":97,"column":6},"end":{"line":99,"column":7}},"type":"if","locations":[{"start":{"line":97,"column":6},"end":{"line":99,"column":7}},{"start":{},"end":{}}],"line":97},"10":{"loc":{"start":{"line":105,"column":4},"end":{"line":105,"column":52}},"type":"if","locations":[{"start":{"line":105,"column":4},"end":{"line":105,"column":52}},{"start":{},"end":{}}],"line":105},"11":{"loc":{"start":{"line":126,"column":4},"end":{"line":126,"column":52}},"type":"if","locations":[{"start":{"line":126,"column":4},"end":{"line":126,"column":52}},{"start":{},"end":{}}],"line":126},"12":{"loc":{"start":{"line":163,"column":4},"end":{"line":163,"column":52}},"type":"if","locations":[{"start":{"line":163,"column":4},"end":{"line":163,"column":52}},{"start":{},"end":{}}],"line":163},"13":{"loc":{"start":{"line":176,"column":6},"end":{"line":180,"column":7}},"type":"if","locations":[{"start":{"line":176,"column":6},"end":{"line":180,"column":7}},{"start":{},"end":{}}],"line":176},"14":{"loc":{"start":{"line":206,"column":4},"end":{"line":206,"column":52}},"type":"if","locations":[{"start":{"line":206,"column":4},"end":{"line":206,"column":52}},{"start":{},"end":{}}],"line":206},"15":{"loc":{"start":{"line":217,"column":6},"end":{"line":219,"column":7}},"type":"if","locations":[{"start":{"line":217,"column":6},"end":{"line":219,"column":7}},{"start":{},"end":{}}],"line":217},"16":{"loc":{"start":{"line":233,"column":4},"end":{"line":237,"column":5}},"type":"if","locations":[{"start":{"line":233,"column":4},"end":{"line":237,"column":5}},{"start":{"line":235,"column":11},"end":{"line":237,"column":5}}],"line":233},"17":{"loc":{"start":{"line":235,"column":11},"end":{"line":237,"column":5}},"type":"if","locations":[{"start":{"line":235,"column":11},"end":{"line":237,"column":5}},{"start":{},"end":{}}],"line":235},"18":{"loc":{"start":{"line":235,"column":15},"end":{"line":235,"column":53}},"type":"binary-expr","locations":[{"start":{"line":235,"column":15},"end":{"line":235,"column":20}},{"start":{"line":235,"column":24},"end":{"line":235,"column":53}}],"line":235},"19":{"loc":{"start":{"line":239,"column":11},"end":{"line":239,"column":39}},"type":"cond-expr","locations":[{"start":{"line":239,"column":19},"end":{"line":239,"column":32}},{"start":{"line":239,"column":35},"end":{"line":239,"column":39}}],"line":239},"20":{"loc":{"start":{"line":244,"column":4},"end":{"line":248,"column":5}},"type":"if","locations":[{"start":{"line":244,"column":4},"end":{"line":248,"column":5}},{"start":{"line":246,"column":11},"end":{"line":248,"column":5}}],"line":244},"21":{"loc":{"start":{"line":246,"column":11},"end":{"line":248,"column":5}},"type":"if","locations":[{"start":{"line":246,"column":11},"end":{"line":248,"column":5}},{"start":{},"end":{}}],"line":246},"22":{"loc":{"start":{"line":246,"column":15},"end":{"line":246,"column":53}},"type":"binary-expr","locations":[{"start":{"line":246,"column":15},"end":{"line":246,"column":20}},{"start":{"line":246,"column":24},"end":{"line":246,"column":53}}],"line":246},"23":{"loc":{"start":{"line":250,"column":11},"end":{"line":250,"column":41}},"type":"cond-expr","locations":[{"start":{"line":250,"column":20},"end":{"line":250,"column":34}},{"start":{"line":250,"column":37},"end":{"line":250,"column":41}}],"line":250},"24":{"loc":{"start":{"line":257,"column":4},"end":{"line":257,"column":52}},"type":"if","locations":[{"start":{"line":257,"column":4},"end":{"line":257,"column":52}},{"start":{},"end":{}}],"line":257},"25":{"loc":{"start":{"line":275,"column":4},"end":{"line":277,"column":5}},"type":"if","locations":[{"start":{"line":275,"column":4},"end":{"line":277,"column":5}},{"start":{},"end":{}}],"line":275}},"s":{"0":2,"1":2,"2":2,"3":2,"4":2,"5":2,"6":2,"7":11,"8":11,"9":2,"10":3,"11":3,"12":0,"13":3,"14":3,"15":3,"16":3,"17":3,"18":1,"19":1,"20":1,"21":1,"22":1,"23":2,"24":1,"25":1,"26":1,"27":1,"28":1,"29":1,"30":1,"31":2,"32":6,"33":6,"34":2,"35":6,"36":6,"37":0,"38":0,"39":0,"40":0,"41":0,"42":1,"43":1,"44":0,"45":1,"46":1,"47":1,"48":2,"49":2,"50":0,"51":2,"52":2,"53":2,"54":2,"55":1,"56":1,"57":1,"58":1,"59":1,"60":1,"61":1,"62":3,"63":3,"64":0,"65":3,"66":3,"67":3,"68":3,"69":3,"70":3,"71":1,"72":2,"73":2,"74":2,"75":2,"76":2,"77":2,"78":1,"79":1,"80":2,"81":2,"82":0,"83":2,"84":2,"85":2,"86":2,"87":1,"88":1,"89":1,"90":1,"91":1,"92":2,"93":2,"94":2,"95":0,"96":0,"97":2,"98":2,"99":2,"100":2,"101":0,"102":0,"103":2,"104":2,"105":3,"106":3,"107":0,"108":3,"109":3,"110":3,"111":3,"112":3,"113":1,"114":2,"115":2,"116":2,"117":2,"118":2,"119":2,"120":2,"121":2,"122":1,"123":1,"124":1,"125":1},"f":{"0":11,"1":3,"2":6,"3":1,"4":2,"5":3,"6":2,"7":2,"8":2,"9":3,"10":2,"11":1},"b":{"0":[0,3],"1":[1,1],"2":[2,2],"3":[6,0],"4":[2,4],"5":[6,0],"6":[0,0],"7":[0,0],"8":[0,0],"9":[0,0],"10":[0,1],"11":[0,2],"12":[0,3],"13":[1,2],"14":[0,2],"15":[1,1],"16":[2,0],"17":[0,0],"18":[0,0],"19":[1,1],"20":[2,0],"21":[0,0],"22":[0,0],"23":[1,1],"24":[0,3],"25":[1,2]},"_coverageSchema":"1a1c01bbd47fc00a2c39e90264f33305004495a9","hash":"77503b68bb6c2c3dd5a62d72b08da4ed714cfb3b"}
,"D:\\Users\\me\\offline-first-app\\utils\\signPayload.ts": {"path":"D:\\Users\\me\\offline-first-app\\utils\\signPayload.ts","statementMap":{"0":{"start":{"line":11,"column":2},"end":{"line":16,"column":4}},"1":{"start":{"line":26,"column":20},"end":{"line":26,"column":48}},"2":{"start":{"line":28,"column":15},"end":{"line":28,"column":53}},"3":{"start":{"line":30,"column":17},"end":{"line":30,"column":53}},"4":{"start":{"line":34,"column":18},"end":{"line":34,"column":65}},"5":{"start":{"line":35,"column":20},"end":{"line":35,"column":50}},"6":{"start":{"line":37,"column":2},"end":{"line":37,"column":19}}},"fnMap":{"0":{"name":"createHash","decl":{"start":{"line":5,"column":9},"end":{"line":5,"column":19}},"loc":{"start":{"line":10,"column":2},"end":{"line":17,"column":1}},"line":10},"1":{"name":"signPayload","decl":{"start":{"line":19,"column":22},"end":{"line":19,"column":33}},"loc":{"start":{"line":25,"column":2},"end":{"line":38,"column":1}},"line":25}},"branchMap":{},"s":{"0":12,"1":12,"2":12,"3":12,"4":12,"5":12,"6":12},"f":{"0":12,"1":12},"b":{},"_coverageSchema":"1a1c01bbd47fc00a2c39e90264f33305004495a9","hash":"ffa871f3e32adf4470e4cfab52639615462864c9"}
,"D:\\Users\\me\\offline-first-app\\utils\\wallet.tsx": {"path":"D:\\Users\\me\\offline-first-app\\utils\\wallet.tsx","statementMap":{"0":{"start":{"line":9,"column":32},"end":{"line":9,"column":50}},"1":{"start":{"line":10,"column":28},"end":{"line":10,"column":42}},"2":{"start":{"line":13,"column":17},"end":{"line":13,"column":50}},"3":{"start":{"line":15,"column":29},"end":{"line":118,"column":1}},"4":{"start":{"line":17,"column":4},"end":{"line":53,"column":5}},"5":{"start":{"line":20,"column":6},"end":{"line":29,"column":7}},"6":{"start":{"line":21,"column":28},"end":{"line":21,"column":70}},"7":{"start":{"line":22,"column":26},"end":{"line":24,"column":19}},"8":{"start":{"line":23,"column":22},"end":{"line":23,"column":53}},"9":{"start":{"line":26,"column":8},"end":{"line":26,"column":46}},"10":{"start":{"line":28,"column":8},"end":{"line":28,"column":39}},"11":{"start":{"line":31,"column":6},"end":{"line":44,"column":7}},"12":{"start":{"line":32,"column":8},"end":{"line":39,"column":10}},"13":{"start":{"line":40,"column":8},"end":{"line":40,"column":76}},"14":{"start":{"line":41,"column":13},"end":{"line":44,"column":7}},"15":{"start":{"line":42,"column":8},"end":{"line":42,"column":80}},"16":{"start":{"line":43,"column":8},"end":{"line":43,"column":73}},"17":{"start":{"line":46,"column":6},"end":{"line":49,"column":8}},"18":{"start":{"line":51,"column":6},"end":{"line":51,"column":56}},"19":{"start":{"line":52,"column":6},"end":{"line":52,"column":18}},"20":{"start":{"line":57,"column":4},"end":{"line":61,"column":5}},"21":{"start":{"line":58,"column":6},"end":{"line":58,"column":65}},"22":{"start":{"line":59,"column":11},"end":{"line":61,"column":5}},"23":{"start":{"line":60,"column":6},"end":{"line":60,"column":62}},"24":{"start":{"line":62,"column":4},"end":{"line":62,"column":16}},"25":{"start":{"line":66,"column":4},"end":{"line":72,"column":5}},"26":{"start":{"line":67,"column":6},"end":{"line":69,"column":9}},"27":{"start":{"line":70,"column":11},"end":{"line":72,"column":5}},"28":{"start":{"line":71,"column":6},"end":{"line":71,"column":66}},"29":{"start":{"line":73,"column":4},"end":{"line":73,"column":16}},"30":{"start":{"line":77,"column":4},"end":{"line":83,"column":5}},"31":{"start":{"line":78,"column":6},"end":{"line":78,"column":65}},"32":{"start":{"line":79,"column":6},"end":{"line":79,"column":61}},"33":{"start":{"line":80,"column":11},"end":{"line":83,"column":5}},"34":{"start":{"line":81,"column":6},"end":{"line":81,"column":62}},"35":{"start":{"line":82,"column":6},"end":{"line":82,"column":58}},"36":{"start":{"line":87,"column":4},"end":{"line":108,"column":5}},"37":{"start":{"line":88,"column":25},"end":{"line":88,"column":51}},"38":{"start":{"line":89,"column":6},"end":{"line":90,"column":72}},"39":{"start":{"line":90,"column":8},"end":{"line":90,"column":72}},"40":{"start":{"line":92,"column":21},"end":{"line":92,"column":58}},"41":{"start":{"line":94,"column":6},"end":{"line":94,"column":65}},"42":{"start":{"line":95,"column":17},"end":{"line":98,"column":8}},"43":{"start":{"line":100,"column":6},"end":{"line":100,"column":54}},"44":{"start":{"line":104,"column":6},"end":{"line":104,"column":46}},"45":{"start":{"line":106,"column":6},"end":{"line":106,"column":46}},"46":{"start":{"line":107,"column":6},"end":{"line":107,"column":54}},"47":{"start":{"line":112,"column":23},"end":{"line":112,"column":49}},"48":{"start":{"line":113,"column":4},"end":{"line":114,"column":70}},"49":{"start":{"line":114,"column":6},"end":{"line":114,"column":70}},"50":{"start":{"line":116,"column":4},"end":{"line":116,"column":34}},"51":{"start":{"line":120,"column":26},"end":{"line":146,"column":1}},"52":{"start":{"line":121,"column":17},"end":{"line":121,"column":34}},"53":{"start":{"line":122,"column":19},"end":{"line":122,"column":29}},"54":{"start":{"line":124,"column":14},"end":{"line":124,"column":144}},"55":{"start":{"line":126,"column":2},"end":{"line":145,"column":3}},"56":{"start":{"line":127,"column":21},"end":{"line":127,"column":37}},"57":{"start":{"line":128,"column":17},"end":{"line":128,"column":38}},"58":{"start":{"line":131,"column":4},"end":{"line":141,"column":5}},"59":{"start":{"line":132,"column":27},"end":{"line":132,"column":38}},"60":{"start":{"line":133,"column":27},"end":{"line":133,"column":62}},"61":{"start":{"line":135,"column":6},"end":{"line":135,"column":72}},"62":{"start":{"line":137,"column":6},"end":{"line":137,"column":37}},"63":{"start":{"line":139,"column":6},"end":{"line":139,"column":59}},"64":{"start":{"line":140,"column":6},"end":{"line":140,"column":22}},"65":{"start":{"line":143,"column":4},"end":{"line":143,"column":54}},"66":{"start":{"line":144,"column":4},"end":{"line":144,"column":19}}},"fnMap":{"0":{"name":"(anonymous_0)","decl":{"start":{"line":16,"column":2},"end":{"line":16,"column":3}},"loc":{"start":{"line":16,"column":33},"end":{"line":54,"column":3}},"line":16},"1":{"name":"(anonymous_1)","decl":{"start":{"line":23,"column":15},"end":{"line":23,"column":16}},"loc":{"start":{"line":23,"column":22},"end":{"line":23,"column":53}},"line":23},"2":{"name":"(anonymous_2)","decl":{"start":{"line":56,"column":2},"end":{"line":56,"column":3}},"loc":{"start":{"line":56,"column":27},"end":{"line":63,"column":3}},"line":56},"3":{"name":"(anonymous_3)","decl":{"start":{"line":65,"column":2},"end":{"line":65,"column":3}},"loc":{"start":{"line":65,"column":24},"end":{"line":74,"column":3}},"line":65},"4":{"name":"(anonymous_4)","decl":{"start":{"line":76,"column":2},"end":{"line":76,"column":3}},"loc":{"start":{"line":76,"column":20},"end":{"line":84,"column":3}},"line":76},"5":{"name":"(anonymous_5)","decl":{"start":{"line":86,"column":2},"end":{"line":86,"column":3}},"loc":{"start":{"line":86,"column":62},"end":{"line":109,"column":3}},"line":86},"6":{"name":"(anonymous_6)","decl":{"start":{"line":111,"column":2},"end":{"line":111,"column":3}},"loc":{"start":{"line":111,"column":25},"end":{"line":117,"column":3}},"line":111},"7":{"name":"(anonymous_7)","decl":{"start":{"line":120,"column":26},"end":{"line":120,"column":27}},"loc":{"start":{"line":120,"column":70},"end":{"line":146,"column":1}},"line":120}},"branchMap":{"0":{"loc":{"start":{"line":20,"column":6},"end":{"line":29,"column":7}},"type":"if","locations":[{"start":{"line":20,"column":6},"end":{"line":29,"column":7}},{"start":{"line":27,"column":13},"end":{"line":29,"column":7}}],"line":20},"1":{"loc":{"start":{"line":31,"column":6},"end":{"line":44,"column":7}},"type":"if","locations":[{"start":{"line":31,"column":6},"end":{"line":44,"column":7}},{"start":{"line":41,"column":13},"end":{"line":44,"column":7}}],"line":31},"2":{"loc":{"start":{"line":41,"column":13},"end":{"line":44,"column":7}},"type":"if","locations":[{"start":{"line":41,"column":13},"end":{"line":44,"column":7}},{"start":{},"end":{}}],"line":41},"3":{"loc":{"start":{"line":41,"column":17},"end":{"line":41,"column":71}},"type":"binary-expr","locations":[{"start":{"line":41,"column":17},"end":{"line":41,"column":38}},{"start":{"line":41,"column":42},"end":{"line":41,"column":71}}],"line":41},"4":{"loc":{"start":{"line":57,"column":4},"end":{"line":61,"column":5}},"type":"if","locations":[{"start":{"line":57,"column":4},"end":{"line":61,"column":5}},{"start":{"line":59,"column":11},"end":{"line":61,"column":5}}],"line":57},"5":{"loc":{"start":{"line":59,"column":11},"end":{"line":61,"column":5}},"type":"if","locations":[{"start":{"line":59,"column":11},"end":{"line":61,"column":5}},{"start":{},"end":{}}],"line":59},"6":{"loc":{"start":{"line":59,"column":15},"end":{"line":59,"column":69}},"type":"binary-expr","locations":[{"start":{"line":59,"column":15},"end":{"line":59,"column":36}},{"start":{"line":59,"column":40},"end":{"line":59,"column":69}}],"line":59},"7":{"loc":{"start":{"line":66,"column":4},"end":{"line":72,"column":5}},"type":"if","locations":[{"start":{"line":66,"column":4},"end":{"line":72,"column":5}},{"start":{"line":70,"column":11},"end":{"line":72,"column":5}}],"line":66},"8":{"loc":{"start":{"line":70,"column":11},"end":{"line":72,"column":5}},"type":"if","locations":[{"start":{"line":70,"column":11},"end":{"line":72,"column":5}},{"start":{},"end":{}}],"line":70},"9":{"loc":{"start":{"line":70,"column":15},"end":{"line":70,"column":69}},"type":"binary-expr","locations":[{"start":{"line":70,"column":15},"end":{"line":70,"column":36}},{"start":{"line":70,"column":40},"end":{"line":70,"column":69}}],"line":70},"10":{"loc":{"start":{"line":77,"column":4},"end":{"line":83,"column":5}},"type":"if","locations":[{"start":{"line":77,"column":4},"end":{"line":83,"column":5}},{"start":{"line":80,"column":11},"end":{"line":83,"column":5}}],"line":77},"11":{"loc":{"start":{"line":80,"column":11},"end":{"line":83,"column":5}},"type":"if","locations":[{"start":{"line":80,"column":11},"end":{"line":83,"column":5}},{"start":{},"end":{}}],"line":80},"12":{"loc":{"start":{"line":80,"column":15},"end":{"line":80,"column":69}},"type":"binary-expr","locations":[{"start":{"line":80,"column":15},"end":{"line":80,"column":36}},{"start":{"line":80,"column":40},"end":{"line":80,"column":69}}],"line":80},"13":{"loc":{"start":{"line":89,"column":6},"end":{"line":90,"column":72}},"type":"if","locations":[{"start":{"line":89,"column":6},"end":{"line":90,"column":72}},{"start":{},"end":{}}],"line":89},"14":{"loc":{"start":{"line":113,"column":4},"end":{"line":114,"column":70}},"type":"if","locations":[{"start":{"line":113,"column":4},"end":{"line":114,"column":70}},{"start":{},"end":{}}],"line":113},"15":{"loc":{"start":{"line":131,"column":4},"end":{"line":141,"column":5}},"type":"if","locations":[{"start":{"line":131,"column":4},"end":{"line":141,"column":5}},{"start":{"line":138,"column":11},"end":{"line":141,"column":5}}],"line":131}},"s":{"0":2,"1":2,"2":2,"3":2,"4":2,"5":2,"6":2,"7":2,"8":64,"9":2,"10":0,"11":2,"12":2,"13":2,"14":0,"15":0,"16":0,"17":2,"18":0,"19":0,"20":2,"21":2,"22":0,"23":0,"24":0,"25":7,"26":7,"27":0,"28":0,"29":0,"30":1,"31":1,"32":1,"33":0,"34":0,"35":0,"36":3,"37":3,"38":3,"39":1,"40":2,"41":2,"42":2,"43":1,"44":1,"45":2,"46":2,"47":2,"48":2,"49":1,"50":1,"51":2,"52":3,"53":3,"54":3,"55":3,"56":3,"57":2,"58":2,"59":1,"60":1,"61":1,"62":1,"63":1,"64":1,"65":1,"66":1},"f":{"0":2,"1":64,"2":2,"3":7,"4":1,"5":3,"6":2,"7":3},"b":{"0":[2,0],"1":[2,0],"2":[0,0],"3":[0,0],"4":[2,0],"5":[0,0],"6":[0,0],"7":[7,0],"8":[0,0],"9":[0,0],"10":[1,0],"11":[0,0],"12":[0,0],"13":[1,2],"14":[1,1],"15":[1,1]},"_coverageSchema":"1a1c01bbd47fc00a2c39e90264f33305004495a9","hash":"33e92a36fb2f765ad987a24f9d0fab3b8906f6a5"}
}
