TN:
SF:utils\localTx.ts
FN:7,getItem
FN:13,setItem
FN:19,deleteItem
FN:25,getSignedTxList
FN:35,persistList
FN:39,saveSignedTx
FN:44,updateTxStatus
FN:47,(anonymous_7)
FN:51,deleteSignedTx
FN:53,(anonymous_9)
FN:56,clearAllSignedTx
FNF:11
FNH:11
FNDA:28,getItem
FNDA:18,setItem
FNDA:13,deleteItem
FNDA:28,getSignedTxList
FNDA:18,persistList
FNDA:13,saveSignedTx
FNDA:3,updateTxStatus
FNDA:4,(anonymous_7)
FNDA:2,deleteSignedTx
FNDA:3,(anonymous_9)
FNDA:13,clearAllSignedTx
DA:5,1
DA:8,28
DA:9,0
DA:10,28
DA:14,18
DA:15,0
DA:16,18
DA:20,13
DA:21,0
DA:22,13
DA:26,28
DA:27,28
DA:28,17
DA:29,17
DA:31,0
DA:36,18
DA:40,13
DA:41,13
DA:45,3
DA:46,3
DA:47,4
DA:52,2
DA:53,3
DA:57,13
LF:24
LH:20
BRDA:8,0,0,0
BRDA:8,0,1,28
BRDA:8,1,0,28
BRDA:8,1,1,0
BRDA:14,2,0,0
BRDA:14,2,1,18
BRDA:14,3,0,18
BRDA:14,3,1,0
BRDA:20,4,0,0
BRDA:20,4,1,13
BRDA:20,5,0,13
BRDA:20,5,1,0
BRDA:27,6,0,11
BRDA:27,6,1,17
BRDA:47,7,0,2
BRDA:47,7,1,2
BRF:16
BRH:10
end_of_record
TN:
SF:utils\platform.ts
FNF:0
FNH:0
DA:3,5
DA:4,5
DA:5,5
DA:6,5
DA:9,5
LF:5
LH:5
BRDA:9,0,0,5
BRDA:9,0,1,0
BRF:2
BRH:1
end_of_record
TN:
SF:utils\registerSmartContract.ts
FN:27,(anonymous_0)
FN:33,(anonymous_1)
FN:85,(anonymous_2)
FN:103,(anonymous_3)
FN:124,(anonymous_4)
FN:161,(anonymous_5)
FN:204,(anonymous_6)
FN:230,(anonymous_7)
FN:241,(anonymous_8)
FN:255,(anonymous_9)
FN:306,(anonymous_10)
FN:318,(anonymous_11)
FNF:12
FNH:12
FNDA:11,(anonymous_0)
FNDA:3,(anonymous_1)
FNDA:6,(anonymous_2)
FNDA:1,(anonymous_3)
FNDA:2,(anonymous_4)
FNDA:3,(anonymous_5)
FNDA:2,(anonymous_6)
FNDA:2,(anonymous_7)
FNDA:2,(anonymous_8)
FNDA:3,(anonymous_9)
FNDA:2,(anonymous_10)
FNDA:1,(anonymous_11)
DA:8,2
DA:10,2
DA:12,2
DA:13,2
DA:16,2
DA:17,2
DA:27,2
DA:28,11
DA:29,11
DA:32,2
DA:34,3
DA:35,3
DA:37,3
DA:38,3
DA:46,3
DA:48,3
DA:49,3
DA:50,1
DA:52,1
DA:53,1
DA:54,1
DA:56,1
DA:59,2
DA:63,1
DA:66,1
DA:68,1
DA:69,1
DA:70,1
DA:72,1
DA:74,1
DA:77,2
DA:86,6
DA:87,6
DA:88,2
DA:90,6
DA:91,6
DA:93,0
DA:94,0
DA:95,0
DA:97,0
DA:98,0
DA:104,1
DA:105,1
DA:107,1
DA:113,1
DA:117,1
DA:125,2
DA:126,2
DA:128,2
DA:129,2
DA:135,2
DA:136,2
DA:140,1
DA:141,1
DA:144,1
DA:148,1
DA:150,1
DA:157,1
DA:158,1
DA:162,3
DA:163,3
DA:165,3
DA:166,3
DA:172,3
DA:173,3
DA:174,3
DA:176,3
DA:177,1
DA:182,2
DA:183,2
DA:184,2
DA:186,2
DA:190,2
DA:192,2
DA:199,1
DA:200,1
DA:205,2
DA:206,2
DA:208,2
DA:214,2
DA:215,2
DA:217,2
DA:218,1
DA:222,1
DA:224,1
DA:226,1
DA:227,1
DA:231,2
DA:233,2
DA:234,2
DA:235,0
DA:236,0
DA:239,2
DA:242,2
DA:244,2
DA:245,2
DA:246,0
DA:247,0
DA:250,2
DA:254,2
DA:256,3
DA:257,3
DA:259,3
DA:262,3
DA:263,3
DA:270,3
DA:275,3
DA:276,1
DA:279,2
DA:289,2
DA:290,2
DA:293,2
DA:297,2
DA:307,2
DA:310,2
DA:315,2
DA:319,1
DA:322,1
DA:328,1
DA:329,1
LF:120
LH:111
BRDA:35,0,0,0
BRDA:35,0,1,3
BRDA:59,1,0,1
BRDA:59,1,1,1
BRDA:60,2,0,2
BRDA:60,2,1,2
BRDA:86,3,0,6
BRDA:86,3,1,0
BRDA:87,4,0,2
BRDA:87,4,1,4
BRDA:90,5,0,6
BRDA:90,5,1,0
BRDA:93,6,0,0
BRDA:93,6,1,0
BRDA:93,7,0,0
BRDA:93,7,1,0
BRDA:94,8,0,0
BRDA:94,8,1,0
BRDA:97,9,0,0
BRDA:97,9,1,0
BRDA:105,10,0,0
BRDA:105,10,1,1
BRDA:126,11,0,0
BRDA:126,11,1,2
BRDA:163,12,0,0
BRDA:163,12,1,3
BRDA:176,13,0,1
BRDA:176,13,1,2
BRDA:206,14,0,0
BRDA:206,14,1,2
BRDA:217,15,0,1
BRDA:217,15,1,1
BRDA:233,16,0,2
BRDA:233,16,1,0
BRDA:235,17,0,0
BRDA:235,17,1,0
BRDA:235,18,0,0
BRDA:235,18,1,0
BRDA:239,19,0,1
BRDA:239,19,1,1
BRDA:244,20,0,2
BRDA:244,20,1,0
BRDA:246,21,0,0
BRDA:246,21,1,0
BRDA:246,22,0,0
BRDA:246,22,1,0
BRDA:250,23,0,1
BRDA:250,23,1,1
BRDA:257,24,0,0
BRDA:257,24,1,3
BRDA:275,25,0,1
BRDA:275,25,1,2
BRF:52
BRH:26
end_of_record
TN:
SF:utils\signPayload.ts
FN:5,createHash
FN:19,signPayload
FNF:2
FNH:2
FNDA:12,createHash
FNDA:12,signPayload
DA:11,12
DA:26,12
DA:28,12
DA:30,12
DA:34,12
DA:35,12
DA:37,12
LF:7
LH:7
BRF:0
BRH:0
end_of_record
TN:
SF:utils\wallet.tsx
FN:16,(anonymous_0)
FN:23,(anonymous_1)
FN:56,(anonymous_2)
FN:65,(anonymous_3)
FN:76,(anonymous_4)
FN:86,(anonymous_5)
FN:111,(anonymous_6)
FN:120,(anonymous_7)
FNF:8
FNH:8
FNDA:2,(anonymous_0)
FNDA:64,(anonymous_1)
FNDA:2,(anonymous_2)
FNDA:7,(anonymous_3)
FNDA:1,(anonymous_4)
FNDA:3,(anonymous_5)
FNDA:2,(anonymous_6)
FNDA:3,(anonymous_7)
DA:9,2
DA:10,2
DA:13,2
DA:15,2
DA:17,2
DA:20,2
DA:21,2
DA:22,2
DA:23,64
DA:26,2
DA:28,0
DA:31,2
DA:32,2
DA:40,2
DA:41,0
DA:42,0
DA:43,0
DA:46,2
DA:51,0
DA:52,0
DA:57,2
DA:58,2
DA:59,0
DA:60,0
DA:62,0
DA:66,7
DA:67,7
DA:70,0
DA:71,0
DA:73,0
DA:77,1
DA:78,1
DA:79,1
DA:80,0
DA:81,0
DA:82,0
DA:87,3
DA:88,3
DA:89,3
DA:90,1
DA:92,2
DA:94,2
DA:95,2
DA:100,1
DA:104,1
DA:106,2
DA:107,2
DA:112,2
DA:113,2
DA:114,1
DA:116,1
DA:120,2
DA:121,3
DA:122,3
DA:124,3
DA:126,3
DA:127,3
DA:128,2
DA:131,2
DA:132,1
DA:133,1
DA:135,1
DA:137,1
DA:139,1
DA:140,1
DA:143,1
DA:144,1
LF:67
LH:52
BRDA:20,0,0,2
BRDA:20,0,1,0
BRDA:31,1,0,2
BRDA:31,1,1,0
BRDA:41,2,0,0
BRDA:41,2,1,0
BRDA:41,3,0,0
BRDA:41,3,1,0
BRDA:57,4,0,2
BRDA:57,4,1,0
BRDA:59,5,0,0
BRDA:59,5,1,0
BRDA:59,6,0,0
BRDA:59,6,1,0
BRDA:66,7,0,7
BRDA:66,7,1,0
BRDA:70,8,0,0
BRDA:70,8,1,0
BRDA:70,9,0,0
BRDA:70,9,1,0
BRDA:77,10,0,1
BRDA:77,10,1,0
BRDA:80,11,0,0
BRDA:80,11,1,0
BRDA:80,12,0,0
BRDA:80,12,1,0
BRDA:89,13,0,1
BRDA:89,13,1,2
BRDA:113,14,0,1
BRDA:113,14,1,1
BRDA:131,15,0,1
BRDA:131,15,1,1
BRF:32
BRH:11
end_of_record
